2015/08/31 19:20:59 INFO  - jmeter.util.JMeterUtils: Setting Locale to en_US 
2015/08/31 19:20:59 INFO  - jmeter.JMeter: Loading user properties from: /Users/mbi/apache-jmeter-2.13/bin/user.properties 
2015/08/31 19:20:59 INFO  - jmeter.JMeter: Loading system properties from: /Users/mbi/apache-jmeter-2.13/bin/system.properties 
2015/08/31 19:20:59 INFO  - jmeter.JMeter: Copyright (c) 1998-2015 The Apache Software Foundation 
2015/08/31 19:20:59 INFO  - jmeter.JMeter: Version 2.13 r1665067 
2015/08/31 19:20:59 INFO  - jmeter.JMeter: java.version=1.8.0_25 
2015/08/31 19:20:59 INFO  - jmeter.JMeter: java.vm.name=Java HotSpot(TM) 64-Bit Server VM 
2015/08/31 19:20:59 INFO  - jmeter.JMeter: os.name=Mac OS X 
2015/08/31 19:20:59 INFO  - jmeter.JMeter: os.arch=x86_64 
2015/08/31 19:20:59 INFO  - jmeter.JMeter: os.version=10.10.5 
2015/08/31 19:20:59 INFO  - jmeter.JMeter: file.encoding=UTF-8 
2015/08/31 19:20:59 INFO  - jmeter.JMeter: Default Locale=English (United States) 
2015/08/31 19:20:59 INFO  - jmeter.JMeter: JMeter  Locale=English (United States) 
2015/08/31 19:20:59 INFO  - jmeter.JMeter: JMeterHome=/Users/mbi/apache-jmeter-2.13 
2015/08/31 19:20:59 INFO  - jmeter.JMeter: user.dir  =/Users/mbi/projects/load_testing 
2015/08/31 19:20:59 INFO  - jmeter.JMeter: PWD       =/Users/mbi/projects/load_testing 
2015/08/31 19:20:59 INFO  - jmeter.JMeter: IP: 172.26.16.12 Name: nb-mbi.local FullName: 172.26.16.12 
2015/08/31 19:20:59 INFO  - jmeter.gui.action.LookAndFeelCommand: Using look and feel: com.apple.laf.AquaLookAndFeel [Mac OS X, System] 
2015/08/31 19:20:59 INFO  - jmeter.JMeter: Loaded icon properties from org/apache/jmeter/images/icon.properties 
2015/08/31 19:21:00 INFO  - jmeter.engine.util.CompoundVariable: Note: Function class names must contain the string: '.functions.' 
2015/08/31 19:21:00 INFO  - jmeter.engine.util.CompoundVariable: Note: Function class names must not contain the string: '.gui.' 
2015/08/31 19:21:01 INFO  - jmeter.util.BSFTestElement: Registering JMeter version of JavaScript engine as work-round for BSF-22 
2015/08/31 19:21:01 INFO  - jmeter.protocol.http.sampler.HTTPSamplerBase: Cannot find .className property for htmlParser, using default 
2015/08/31 19:21:01 INFO  - jmeter.protocol.http.sampler.HTTPSamplerBase: Parser for text/html is  
2015/08/31 19:21:01 INFO  - jmeter.protocol.http.sampler.HTTPSamplerBase: Parser for application/xhtml+xml is  
2015/08/31 19:21:01 INFO  - jmeter.protocol.http.sampler.HTTPSamplerBase: Parser for application/xml is  
2015/08/31 19:21:01 INFO  - jmeter.protocol.http.sampler.HTTPSamplerBase: Parser for text/xml is  
2015/08/31 19:21:01 INFO  - jmeter.protocol.http.sampler.HTTPSamplerBase: Parser for text/vnd.wap.wml is org.apache.jmeter.protocol.http.parser.RegexpHTMLParser 
2015/08/31 19:21:01 INFO  - jmeter.gui.util.MenuFactory: Skipping org.apache.jmeter.protocol.http.control.gui.WebServiceSamplerGui 
2015/08/31 19:21:01 INFO  - jmeter.gui.util.MenuFactory: Skipping org.apache.jmeter.protocol.http.modifier.gui.ParamModifierGui 
2015/08/31 19:21:01 INFO  - jorphan.exec.KeyToolUtils: keytool found at 'keytool' 
2015/08/31 19:21:01 INFO  - jmeter.protocol.http.proxy.ProxyControl: HTTP(S) Test Script Recorder SSL Proxy will use keys that support embedded 3rd party resources in file /Users/mbi/apache-jmeter-2.13/bin/proxyserver.jks 
2015/08/31 19:21:02 INFO  - jmeter.samplers.SampleResult: Note: Sample TimeStamps are START times 
2015/08/31 19:21:02 INFO  - jmeter.samplers.SampleResult: sampleresult.default.encoding is set to ISO-8859-1 
2015/08/31 19:21:02 INFO  - jmeter.samplers.SampleResult: sampleresult.useNanoTime=true 
2015/08/31 19:21:02 INFO  - jmeter.samplers.SampleResult: sampleresult.nanoThreadSleep=5000 
2015/08/31 19:21:21 INFO  - jmeter.services.FileServer: Default base='/Users/mbi/projects/load_testing' 
2015/08/31 19:21:21 INFO  - jmeter.gui.action.Load: Loading file: /Users/mbi/projects/load_testing/main2.jmx 
2015/08/31 19:21:21 INFO  - jmeter.services.FileServer: Set new base='/Users/mbi/projects/load_testing' 
2015/08/31 19:21:21 INFO  - jmeter.save.SaveService: Testplan (JMX) version: 2.2. Testlog (JTL) version: 2.2 
2015/08/31 19:21:21 INFO  - jmeter.save.SaveService: Using SaveService properties file encoding UTF-8 
2015/08/31 19:21:21 INFO  - jmeter.save.SaveService: Using SaveService properties file version 1656252 
2015/08/31 19:21:21 INFO  - jmeter.save.SaveService: Using SaveService properties version 2.8 
2015/08/31 19:21:21 INFO  - jmeter.save.SaveService: All converter versions present and correct 
2015/08/31 19:21:21 INFO  - jmeter.save.SaveService: Loading file: /Users/mbi/projects/load_testing/main2.jmx 
2015/08/31 19:21:21 INFO  - jmeter.protocol.http.control.CookieManager: Settings: Delete null: true Check: true Allow variable: true Save: false Prefix: COOKIE_ 
2015/08/31 19:21:22 INFO  - jmeter.services.FileServer: Set new base='/Users/mbi/projects/load_testing' 
2015/08/31 19:21:45 INFO  - jmeter.services.FileServer: Set new base='/Users/mbi/projects/load_testing' 
2015/08/31 19:21:48 INFO  - jmeter.gui.action.Load: Loading file: /Users/mbi/projects/load_testing/main.jmx 
2015/08/31 19:21:48 INFO  - jmeter.services.FileServer: Set new base='/Users/mbi/projects/load_testing' 
2015/08/31 19:21:48 INFO  - jmeter.save.SaveService: Loading file: /Users/mbi/projects/load_testing/main.jmx 
2015/08/31 19:21:49 INFO  - jmeter.services.FileServer: Set new base='/Users/mbi/projects/load_testing' 
2015/08/31 19:23:33 INFO  - jmeter.gui.action.Load: Loading file: /Users/mbi/projects/load_testing/main.jmx 
2015/08/31 19:23:33 INFO  - jmeter.services.FileServer: Set new base='/Users/mbi/projects/load_testing' 
2015/08/31 19:23:33 INFO  - jmeter.save.SaveService: Loading file: /Users/mbi/projects/load_testing/main.jmx 
2015/08/31 19:23:33 INFO  - jmeter.services.FileServer: Set new base='/Users/mbi/projects/load_testing' 
2015/08/31 19:23:50 INFO  - jmeter.engine.StandardJMeterEngine: Listeners will be started after enabling running version 
2015/08/31 19:23:50 INFO  - jmeter.engine.StandardJMeterEngine: To revert to the earlier behaviour, define jmeterengine.startlistenerslater=false 
2015/08/31 19:23:50 INFO  - jmeter.engine.StandardJMeterEngine: Running the test! 
2015/08/31 19:23:50 INFO  - jmeter.samplers.SampleEvent: List of sample_variables: [] 
2015/08/31 19:23:50 INFO  - jmeter.samplers.SampleEvent: List of sample_variables: [] 
2015/08/31 19:23:50 INFO  - jmeter.gui.util.JMeterMenuBar: setRunning(true,*local*) 
2015/08/31 19:23:50 INFO  - jmeter.engine.StandardJMeterEngine: Starting ThreadGroup: 1 : Booking: Landing page 
2015/08/31 19:23:50 INFO  - jmeter.engine.StandardJMeterEngine: Starting 1 threads for group Booking: Landing page. 
2015/08/31 19:23:50 INFO  - jmeter.engine.StandardJMeterEngine: Thread will continue on error 
2015/08/31 19:23:50 INFO  - jmeter.threads.ThreadGroup: Starting thread group number 1 threads 1 ramp-up 1 perThread 1000.0 delayedStart=false 
2015/08/31 19:23:50 INFO  - jmeter.threads.JMeterThread: jmeterthread.startearlier=true (see jmeter.properties) 
2015/08/31 19:23:50 INFO  - jmeter.threads.JMeterThread: Running PostProcessors in forward order 
2015/08/31 19:23:50 INFO  - jmeter.threads.ThreadGroup: Started thread group number 1 
2015/08/31 19:23:50 INFO  - jmeter.engine.StandardJMeterEngine: All thread groups have been started 
2015/08/31 19:23:50 INFO  - jmeter.threads.JMeterThread: Thread started: Booking: Landing page 1-1 
2015/08/31 19:23:50 INFO  - jmeter.services.FileServer: Stored: data.csv 
2015/08/31 19:23:50 INFO  - jmeter.protocol.http.sampler.HTTPHCAbstractImpl: Local host = nb-mbi.local 
2015/08/31 19:23:50 INFO  - jmeter.protocol.http.sampler.HTTPHC4Impl: HTTP request retry count = 0 
2015/08/31 19:23:50 INFO  - jmeter.protocol.http.sampler.HTTPHC4Impl: Setting up HTTPS TrustAll scheme 
2015/08/31 19:23:50 INFO  - jmeter.util.JsseSSLManager: Using default SSL protocol: TLS 
2015/08/31 19:23:50 INFO  - jmeter.util.JsseSSLManager: SSL session context: per-thread 
2015/08/31 19:23:53 INFO  - jmeter.threads.JMeterThread: Thread is done: Booking: Landing page 1-1 
2015/08/31 19:23:53 INFO  - jmeter.threads.JMeterThread: Thread finished: Booking: Landing page 1-1 
2015/08/31 19:23:53 INFO  - jmeter.engine.StandardJMeterEngine: Notifying test listeners of end of test 
2015/08/31 19:23:53 INFO  - jmeter.services.FileServer: Close: data.csv 
2015/08/31 19:23:53 INFO  - jmeter.gui.util.JMeterMenuBar: setRunning(false,*local*) 
2015/08/31 19:24:04 INFO  - jmeter.engine.StandardJMeterEngine: Running the test! 
2015/08/31 19:24:04 INFO  - jmeter.samplers.SampleEvent: List of sample_variables: [] 
2015/08/31 19:24:04 INFO  - jmeter.gui.util.JMeterMenuBar: setRunning(true,*local*) 
2015/08/31 19:24:04 INFO  - jmeter.engine.StandardJMeterEngine: Starting ThreadGroup: 1 : Booking: Landing page 
2015/08/31 19:24:04 INFO  - jmeter.engine.StandardJMeterEngine: Starting 1 threads for group Booking: Landing page. 
2015/08/31 19:24:04 INFO  - jmeter.engine.StandardJMeterEngine: Thread will continue on error 
2015/08/31 19:24:04 INFO  - jmeter.threads.ThreadGroup: Starting thread group number 1 threads 1 ramp-up 1 perThread 1000.0 delayedStart=false 
2015/08/31 19:24:04 INFO  - jmeter.threads.ThreadGroup: Started thread group number 1 
2015/08/31 19:24:04 INFO  - jmeter.engine.StandardJMeterEngine: All thread groups have been started 
2015/08/31 19:24:04 INFO  - jmeter.threads.JMeterThread: Thread started: Booking: Landing page 1-1 
2015/08/31 19:24:04 INFO  - jmeter.services.FileServer: Stored: data.csv 
2015/08/31 19:24:12 INFO  - jmeter.threads.JMeterThread: Thread is done: Booking: Landing page 1-1 
2015/08/31 19:24:12 INFO  - jmeter.threads.JMeterThread: Thread finished: Booking: Landing page 1-1 
2015/08/31 19:24:12 INFO  - jmeter.engine.StandardJMeterEngine: Notifying test listeners of end of test 
2015/08/31 19:24:12 INFO  - jmeter.services.FileServer: Close: data.csv 
2015/08/31 19:24:12 INFO  - jmeter.gui.util.JMeterMenuBar: setRunning(false,*local*) 
2015/08/31 19:24:21 INFO  - jmeter.engine.StandardJMeterEngine: Running the test! 
2015/08/31 19:24:21 INFO  - jmeter.samplers.SampleEvent: List of sample_variables: [] 
2015/08/31 19:24:21 INFO  - jmeter.gui.util.JMeterMenuBar: setRunning(true,*local*) 
2015/08/31 19:24:21 INFO  - jmeter.engine.StandardJMeterEngine: Starting ThreadGroup: 1 : Booking: Landing page 
2015/08/31 19:24:21 INFO  - jmeter.engine.StandardJMeterEngine: Starting 1 threads for group Booking: Landing page. 
2015/08/31 19:24:21 INFO  - jmeter.engine.StandardJMeterEngine: Thread will continue on error 
2015/08/31 19:24:21 INFO  - jmeter.threads.ThreadGroup: Starting thread group number 1 threads 1 ramp-up 1 perThread 1000.0 delayedStart=false 
2015/08/31 19:24:21 INFO  - jmeter.threads.ThreadGroup: Started thread group number 1 
2015/08/31 19:24:21 INFO  - jmeter.engine.StandardJMeterEngine: All thread groups have been started 
2015/08/31 19:24:21 INFO  - jmeter.threads.JMeterThread: Thread started: Booking: Landing page 1-1 
2015/08/31 19:24:21 INFO  - jmeter.services.FileServer: Stored: data.csv 
2015/08/31 19:24:28 INFO  - jmeter.threads.JMeterThread: Thread is done: Booking: Landing page 1-1 
2015/08/31 19:24:28 INFO  - jmeter.threads.JMeterThread: Thread finished: Booking: Landing page 1-1 
2015/08/31 19:24:28 INFO  - jmeter.engine.StandardJMeterEngine: Notifying test listeners of end of test 
2015/08/31 19:24:28 INFO  - jmeter.services.FileServer: Close: data.csv 
2015/08/31 19:24:28 INFO  - jmeter.gui.util.JMeterMenuBar: setRunning(false,*local*) 
2015/08/31 19:26:19 INFO  - jmeter.engine.StandardJMeterEngine: Running the test! 
2015/08/31 19:26:19 INFO  - jmeter.samplers.SampleEvent: List of sample_variables: [] 
2015/08/31 19:26:19 INFO  - jmeter.gui.util.JMeterMenuBar: setRunning(true,*local*) 
2015/08/31 19:26:19 INFO  - jmeter.engine.StandardJMeterEngine: Starting ThreadGroup: 1 : Booking: Landing page 
2015/08/31 19:26:19 INFO  - jmeter.engine.StandardJMeterEngine: Starting 1 threads for group Booking: Landing page. 
2015/08/31 19:26:19 INFO  - jmeter.engine.StandardJMeterEngine: Thread will continue on error 
2015/08/31 19:26:19 INFO  - jmeter.threads.ThreadGroup: Starting thread group number 1 threads 1 ramp-up 1 perThread 1000.0 delayedStart=false 
2015/08/31 19:26:19 INFO  - jmeter.threads.ThreadGroup: Started thread group number 1 
2015/08/31 19:26:19 INFO  - jmeter.engine.StandardJMeterEngine: All thread groups have been started 
2015/08/31 19:26:19 INFO  - jmeter.threads.JMeterThread: Thread started: Booking: Landing page 1-1 
2015/08/31 19:26:19 INFO  - jmeter.services.FileServer: Stored: data.csv 
2015/08/31 19:26:26 INFO  - jmeter.threads.JMeterThread: Thread is done: Booking: Landing page 1-1 
2015/08/31 19:26:26 INFO  - jmeter.threads.JMeterThread: Thread finished: Booking: Landing page 1-1 
2015/08/31 19:26:26 INFO  - jmeter.engine.StandardJMeterEngine: Notifying test listeners of end of test 
2015/08/31 19:26:26 INFO  - jmeter.services.FileServer: Close: data.csv 
2015/08/31 19:26:26 INFO  - jmeter.gui.util.JMeterMenuBar: setRunning(false,*local*) 
2015/08/31 19:26:37 INFO  - jmeter.engine.StandardJMeterEngine: Running the test! 
2015/08/31 19:26:37 INFO  - jmeter.samplers.SampleEvent: List of sample_variables: [] 
2015/08/31 19:26:37 INFO  - jmeter.gui.util.JMeterMenuBar: setRunning(true,*local*) 
2015/08/31 19:26:37 INFO  - jmeter.engine.StandardJMeterEngine: Starting ThreadGroup: 1 : Booking: Book a room 
2015/08/31 19:26:37 INFO  - jmeter.engine.StandardJMeterEngine: Starting 1 threads for group Booking: Book a room. 
2015/08/31 19:26:37 INFO  - jmeter.engine.StandardJMeterEngine: Thread will continue on error 
2015/08/31 19:26:37 INFO  - jmeter.threads.ThreadGroup: Starting thread group number 1 threads 1 ramp-up 1 perThread 1000.0 delayedStart=false 
2015/08/31 19:26:37 INFO  - jmeter.threads.ThreadGroup: Started thread group number 1 
2015/08/31 19:26:37 INFO  - jmeter.engine.StandardJMeterEngine: All thread groups have been started 
2015/08/31 19:26:37 INFO  - jmeter.threads.JMeterThread: Thread started: Booking: Book a room 1-1 
2015/08/31 19:26:37 INFO  - jmeter.services.FileServer: Stored: data.csv 
2015/08/31 19:27:23 INFO  - jmeter.gui.action.Start: Stopping test 
2015/08/31 19:27:23 INFO  - jmeter.threads.JMeterThread: Stopping: Booking: Book a room 1-1 
2015/08/31 19:27:23 WARN  - jmeter.threads.JMeterThread: Interrupting: Booking: Book a room 1-1 sampler: GET /offices/{id}/bookable-resources/dates/{dateFrom},{dateTo}/status/{status} 
2015/08/31 19:27:23 WARN  - jmeter.util.JMeterUtils: Interrupted in thread Booking: Book a room 1-1 java.lang.InterruptedException
	at java.lang.Object.wait(Native Method)
	at java.lang.Object.wait(Object.java:502)
	at java.awt.EventQueue.invokeAndWait(EventQueue.java:1301)
	at java.awt.EventQueue.invokeAndWait(EventQueue.java:1282)
	at javax.swing.SwingUtilities.invokeAndWait(SwingUtilities.java:1348)
	at org.apache.jmeter.util.JMeterUtils.runSafe(JMeterUtils.java:1322)
	at org.apache.jmeter.visualizers.GraphVisualizer.add(GraphVisualizer.java:134)
	at org.apache.jmeter.reporters.ResultCollector.sendToVisualizer(ResultCollector.java:595)
	at org.apache.jmeter.reporters.ResultCollector.sampleOccurred(ResultCollector.java:571)
	at org.apache.jmeter.threads.ListenerNotifier.notifyListeners(ListenerNotifier.java:84)
	at org.apache.jmeter.threads.JMeterThread.notifyListeners(JMeterThread.java:796)
	at org.apache.jmeter.threads.JMeterThread.process_sampler(JMeterThread.java:456)
	at org.apache.jmeter.threads.JMeterThread.run(JMeterThread.java:261)
	at java.lang.Thread.run(Thread.java:745)

2015/08/31 19:27:24 INFO  - jmeter.threads.JMeterThread: Thread finished: Booking: Book a room 1-1 
2015/08/31 19:27:24 INFO  - jmeter.engine.StandardJMeterEngine: Notifying test listeners of end of test 
2015/08/31 19:27:24 INFO  - jmeter.services.FileServer: Close: data.csv 
2015/08/31 19:27:24 INFO  - jmeter.gui.util.JMeterMenuBar: setRunning(false,*local*) 
2015/08/31 19:27:46 INFO  - jmeter.engine.StandardJMeterEngine: Running the test! 
2015/08/31 19:27:46 INFO  - jmeter.samplers.SampleEvent: List of sample_variables: [] 
2015/08/31 19:27:46 INFO  - jmeter.gui.util.JMeterMenuBar: setRunning(true,*local*) 
2015/08/31 19:27:46 INFO  - jmeter.engine.StandardJMeterEngine: Starting ThreadGroup: 1 : Booking: Book a room 
2015/08/31 19:27:46 INFO  - jmeter.engine.StandardJMeterEngine: Starting 1 threads for group Booking: Book a room. 
2015/08/31 19:27:46 INFO  - jmeter.engine.StandardJMeterEngine: Thread will continue on error 
2015/08/31 19:27:46 INFO  - jmeter.threads.ThreadGroup: Starting thread group number 1 threads 1 ramp-up 1 perThread 1000.0 delayedStart=false 
2015/08/31 19:27:46 INFO  - jmeter.threads.ThreadGroup: Started thread group number 1 
2015/08/31 19:27:46 INFO  - jmeter.engine.StandardJMeterEngine: All thread groups have been started 
2015/08/31 19:27:46 INFO  - jmeter.threads.JMeterThread: Thread started: Booking: Book a room 1-1 
2015/08/31 19:27:46 INFO  - jmeter.services.FileServer: Stored: data.csv 
2015/08/31 19:28:09 INFO  - jmeter.gui.action.Start: Stopping test 
2015/08/31 19:28:09 INFO  - jmeter.threads.JMeterThread: Stopping: Booking: Book a room 1-1 
2015/08/31 19:28:09 WARN  - jmeter.threads.JMeterThread: The delay timer was interrupted - probably did not wait as long as intended. 
2015/08/31 19:28:09 INFO  - jmeter.threads.JMeterThread: Thread finished: Booking: Book a room 1-1 
2015/08/31 19:28:09 INFO  - jmeter.engine.StandardJMeterEngine: Notifying test listeners of end of test 
2015/08/31 19:28:09 INFO  - jmeter.services.FileServer: Close: data.csv 
2015/08/31 19:28:09 INFO  - jmeter.gui.util.JMeterMenuBar: setRunning(false,*local*) 
2015/08/31 19:28:15 INFO  - jmeter.engine.StandardJMeterEngine: Running the test! 
2015/08/31 19:28:15 INFO  - jmeter.samplers.SampleEvent: List of sample_variables: [] 
2015/08/31 19:28:15 INFO  - jmeter.gui.util.JMeterMenuBar: setRunning(true,*local*) 
2015/08/31 19:28:15 INFO  - jmeter.engine.StandardJMeterEngine: Starting ThreadGroup: 1 : Booking: Book a room 
2015/08/31 19:28:15 INFO  - jmeter.engine.StandardJMeterEngine: Starting 1 threads for group Booking: Book a room. 
2015/08/31 19:28:15 INFO  - jmeter.engine.StandardJMeterEngine: Thread will continue on error 
2015/08/31 19:28:15 INFO  - jmeter.threads.ThreadGroup: Starting thread group number 1 threads 1 ramp-up 1 perThread 1000.0 delayedStart=false 
2015/08/31 19:28:15 INFO  - jmeter.threads.ThreadGroup: Started thread group number 1 
2015/08/31 19:28:15 INFO  - jmeter.engine.StandardJMeterEngine: All thread groups have been started 
2015/08/31 19:28:15 INFO  - jmeter.threads.JMeterThread: Thread started: Booking: Book a room 1-1 
2015/08/31 19:28:15 INFO  - jmeter.services.FileServer: Stored: data.csv 
2015/08/31 19:28:41 INFO  - jmeter.gui.action.Start: Stopping test 
2015/08/31 19:28:41 INFO  - jmeter.threads.JMeterThread: Stopping: Booking: Book a room 1-1 
2015/08/31 19:28:41 WARN  - jmeter.threads.JMeterThread: Interrupting: Booking: Book a room 1-1 sampler: GET /bookable-resources 
2015/08/31 19:28:41 WARN  - jmeter.util.JMeterUtils: Interrupted in thread Booking: Book a room 1-1 java.lang.InterruptedException
	at java.lang.Object.wait(Native Method)
	at java.lang.Object.wait(Object.java:502)
	at java.awt.EventQueue.invokeAndWait(EventQueue.java:1301)
	at java.awt.EventQueue.invokeAndWait(EventQueue.java:1282)
	at javax.swing.SwingUtilities.invokeAndWait(SwingUtilities.java:1348)
	at org.apache.jmeter.util.JMeterUtils.runSafe(JMeterUtils.java:1322)
	at org.apache.jmeter.visualizers.GraphVisualizer.add(GraphVisualizer.java:134)
	at org.apache.jmeter.reporters.ResultCollector.sendToVisualizer(ResultCollector.java:595)
	at org.apache.jmeter.reporters.ResultCollector.sampleOccurred(ResultCollector.java:571)
	at org.apache.jmeter.threads.ListenerNotifier.notifyListeners(ListenerNotifier.java:84)
	at org.apache.jmeter.threads.JMeterThread.notifyListeners(JMeterThread.java:796)
	at org.apache.jmeter.threads.JMeterThread.process_sampler(JMeterThread.java:456)
	at org.apache.jmeter.threads.JMeterThread.run(JMeterThread.java:261)
	at java.lang.Thread.run(Thread.java:745)

2015/08/31 19:28:41 INFO  - jmeter.threads.JMeterThread: Thread finished: Booking: Book a room 1-1 
2015/08/31 19:28:41 INFO  - jmeter.engine.StandardJMeterEngine: Notifying test listeners of end of test 
2015/08/31 19:28:41 INFO  - jmeter.services.FileServer: Close: data.csv 
2015/08/31 19:28:41 INFO  - jmeter.gui.util.JMeterMenuBar: setRunning(false,*local*) 
2015/08/31 19:29:00 INFO  - jmeter.engine.StandardJMeterEngine: Running the test! 
2015/08/31 19:29:00 INFO  - jmeter.samplers.SampleEvent: List of sample_variables: [] 
2015/08/31 19:29:00 INFO  - jmeter.gui.util.JMeterMenuBar: setRunning(true,*local*) 
2015/08/31 19:29:00 INFO  - jmeter.engine.StandardJMeterEngine: Starting ThreadGroup: 1 : Booking: Book a room 
2015/08/31 19:29:00 INFO  - jmeter.engine.StandardJMeterEngine: Starting 1 threads for group Booking: Book a room. 
2015/08/31 19:29:00 INFO  - jmeter.engine.StandardJMeterEngine: Thread will continue on error 
2015/08/31 19:29:00 INFO  - jmeter.threads.ThreadGroup: Starting thread group number 1 threads 1 ramp-up 1 perThread 1000.0 delayedStart=false 
2015/08/31 19:29:00 INFO  - jmeter.threads.ThreadGroup: Started thread group number 1 
2015/08/31 19:29:00 INFO  - jmeter.engine.StandardJMeterEngine: All thread groups have been started 
2015/08/31 19:29:00 INFO  - jmeter.threads.JMeterThread: Thread started: Booking: Book a room 1-1 
2015/08/31 19:29:00 INFO  - jmeter.services.FileServer: Stored: data.csv 
2015/08/31 19:29:19 INFO  - jmeter.threads.JMeterThread: Thread is done: Booking: Book a room 1-1 
2015/08/31 19:29:19 INFO  - jmeter.threads.JMeterThread: Thread finished: Booking: Book a room 1-1 
2015/08/31 19:29:19 INFO  - jmeter.engine.StandardJMeterEngine: Notifying test listeners of end of test 
2015/08/31 19:29:19 INFO  - jmeter.services.FileServer: Close: data.csv 
2015/08/31 19:29:19 INFO  - jmeter.gui.util.JMeterMenuBar: setRunning(false,*local*) 
2015/08/31 19:30:03 INFO  - jmeter.engine.StandardJMeterEngine: Running the test! 
2015/08/31 19:30:03 INFO  - jmeter.samplers.SampleEvent: List of sample_variables: [] 
2015/08/31 19:30:03 INFO  - jmeter.gui.util.JMeterMenuBar: setRunning(true,*local*) 
2015/08/31 19:30:04 INFO  - jmeter.engine.StandardJMeterEngine: Starting ThreadGroup: 1 : Booking: Book a room 
2015/08/31 19:30:04 INFO  - jmeter.engine.StandardJMeterEngine: Starting 1 threads for group Booking: Book a room. 
2015/08/31 19:30:04 INFO  - jmeter.engine.StandardJMeterEngine: Thread will continue on error 
2015/08/31 19:30:04 INFO  - jmeter.threads.ThreadGroup: Starting thread group number 1 threads 1 ramp-up 1 perThread 1000.0 delayedStart=false 
2015/08/31 19:30:04 INFO  - jmeter.threads.ThreadGroup: Started thread group number 1 
2015/08/31 19:30:04 INFO  - jmeter.engine.StandardJMeterEngine: All thread groups have been started 
2015/08/31 19:30:04 INFO  - jmeter.threads.JMeterThread: Thread started: Booking: Book a room 1-1 
2015/08/31 19:30:04 INFO  - jmeter.services.FileServer: Stored: data.csv 
2015/08/31 19:36:26 INFO  - jmeter.threads.JMeterThread: Thread is done: Booking: Book a room 1-1 
2015/08/31 19:36:26 INFO  - jmeter.threads.JMeterThread: Thread finished: Booking: Book a room 1-1 
2015/08/31 19:36:26 INFO  - jmeter.engine.StandardJMeterEngine: Notifying test listeners of end of test 
2015/08/31 19:36:26 INFO  - jmeter.services.FileServer: Close: data.csv 
2015/08/31 19:36:26 INFO  - jmeter.gui.util.JMeterMenuBar: setRunning(false,*local*) 
2015/08/31 19:41:46 INFO  - jmeter.engine.StandardJMeterEngine: Running the test! 
2015/08/31 19:41:46 INFO  - jmeter.samplers.SampleEvent: List of sample_variables: [] 
2015/08/31 19:41:46 INFO  - jmeter.gui.util.JMeterMenuBar: setRunning(true,*local*) 
2015/08/31 19:41:46 INFO  - jmeter.engine.StandardJMeterEngine: Starting ThreadGroup: 1 : Booking: Book a room 
2015/08/31 19:41:46 INFO  - jmeter.engine.StandardJMeterEngine: Starting 1 threads for group Booking: Book a room. 
2015/08/31 19:41:46 INFO  - jmeter.engine.StandardJMeterEngine: Thread will continue on error 
2015/08/31 19:41:46 INFO  - jmeter.threads.ThreadGroup: Starting thread group number 1 threads 1 ramp-up 1 perThread 1000.0 delayedStart=false 
2015/08/31 19:41:46 INFO  - jmeter.threads.ThreadGroup: Started thread group number 1 
2015/08/31 19:41:46 INFO  - jmeter.engine.StandardJMeterEngine: All thread groups have been started 
2015/08/31 19:41:46 INFO  - jmeter.threads.JMeterThread: Thread started: Booking: Book a room 1-1 
2015/08/31 19:41:46 INFO  - jmeter.services.FileServer: Stored: data.csv 
2015/08/31 19:42:05 INFO  - jmeter.threads.JMeterThread: Thread is done: Booking: Book a room 1-1 
2015/08/31 19:42:05 INFO  - jmeter.threads.JMeterThread: Thread finished: Booking: Book a room 1-1 
2015/08/31 19:42:05 INFO  - jmeter.engine.StandardJMeterEngine: Notifying test listeners of end of test 
2015/08/31 19:42:05 INFO  - jmeter.services.FileServer: Close: data.csv 
2015/08/31 19:42:05 INFO  - jmeter.gui.util.JMeterMenuBar: setRunning(false,*local*) 
2015/08/31 19:45:54 INFO  - jmeter.engine.StandardJMeterEngine: Running the test! 
2015/08/31 19:45:54 INFO  - jmeter.samplers.SampleEvent: List of sample_variables: [] 
2015/08/31 19:45:54 INFO  - jmeter.gui.util.JMeterMenuBar: setRunning(true,*local*) 
2015/08/31 19:45:55 INFO  - jmeter.engine.StandardJMeterEngine: Starting ThreadGroup: 1 : Social: Write post 
2015/08/31 19:45:55 INFO  - jmeter.engine.StandardJMeterEngine: Starting 10 threads for group Social: Write post. 
2015/08/31 19:45:55 INFO  - jmeter.engine.StandardJMeterEngine: Thread will continue on error 
2015/08/31 19:45:55 INFO  - jmeter.threads.ThreadGroup: Starting thread group number 1 threads 10 ramp-up 1 perThread 100.0 delayedStart=false 
2015/08/31 19:45:55 INFO  - jmeter.threads.JMeterThread: Thread started: Social: Write post 1-1 
2015/08/31 19:45:55 INFO  - jmeter.services.FileServer: Stored: data.csv 
2015/08/31 19:45:55 INFO  - jmeter.threads.ThreadGroup: Started thread group number 1 
2015/08/31 19:45:55 INFO  - jmeter.engine.StandardJMeterEngine: All thread groups have been started 
2015/08/31 19:45:55 INFO  - jmeter.threads.JMeterThread: Thread started: Social: Write post 1-2 
2015/08/31 19:45:55 INFO  - jmeter.threads.JMeterThread: Thread started: Social: Write post 1-3 
2015/08/31 19:45:55 INFO  - jmeter.threads.JMeterThread: Thread started: Social: Write post 1-4 
2015/08/31 19:45:55 INFO  - jmeter.threads.JMeterThread: Thread started: Social: Write post 1-5 
2015/08/31 19:45:55 INFO  - jmeter.threads.JMeterThread: Thread started: Social: Write post 1-6 
2015/08/31 19:45:55 INFO  - jmeter.threads.JMeterThread: Thread started: Social: Write post 1-7 
2015/08/31 19:45:55 INFO  - jmeter.threads.JMeterThread: Thread started: Social: Write post 1-8 
2015/08/31 19:45:56 INFO  - jmeter.threads.JMeterThread: Thread started: Social: Write post 1-9 
2015/08/31 19:45:56 INFO  - jmeter.threads.JMeterThread: Thread started: Social: Write post 1-10 
2015/08/31 19:46:50 INFO  - jmeter.gui.action.Start: Stopping test 
2015/08/31 19:46:50 INFO  - jmeter.threads.JMeterThread: Stopping: Social: Write post 1-7 
2015/08/31 19:46:50 INFO  - jmeter.threads.JMeterThread: Stopping: Social: Write post 1-3 
2015/08/31 19:46:50 INFO  - jmeter.threads.JMeterThread: Stopping: Social: Write post 1-5 
2015/08/31 19:46:50 WARN  - jmeter.threads.JMeterThread: The delay timer was interrupted - probably did not wait as long as intended. 
2015/08/31 19:46:50 INFO  - jmeter.threads.JMeterThread: Stopping: Social: Write post 1-1 
2015/08/31 19:46:50 WARN  - jmeter.threads.JMeterThread: The delay timer was interrupted - probably did not wait as long as intended. 
2015/08/31 19:46:50 INFO  - jmeter.threads.JMeterThread: Stopping: Social: Write post 1-4 
2015/08/31 19:46:50 WARN  - jmeter.threads.JMeterThread: The delay timer was interrupted - probably did not wait as long as intended. 
2015/08/31 19:46:50 WARN  - jmeter.threads.JMeterThread: Interrupting: Social: Write post 1-4 sampler: GET /trending 
2015/08/31 19:46:50 WARN  - jmeter.threads.JMeterThread: The delay timer was interrupted - probably did not wait as long as intended. 
2015/08/31 19:46:50 INFO  - jmeter.threads.JMeterThread: Stopping: Social: Write post 1-9 
2015/08/31 19:46:50 INFO  - jmeter.threads.JMeterThread: Stopping: Social: Write post 1-10 
2015/08/31 19:46:50 WARN  - jmeter.threads.JMeterThread: Interrupting: Social: Write post 1-10 sampler: GET /feed 
2015/08/31 19:46:50 WARN  - jmeter.threads.JMeterThread: The delay timer was interrupted - probably did not wait as long as intended. 
2015/08/31 19:46:50 INFO  - jmeter.threads.JMeterThread: Stopping: Social: Write post 1-6 
2015/08/31 19:46:50 INFO  - jmeter.threads.JMeterThread: Stopping: Social: Write post 1-2 
2015/08/31 19:46:50 WARN  - jmeter.threads.JMeterThread: Interrupting: Social: Write post 1-2 sampler: POST /storage/v1/images 
2015/08/31 19:46:50 WARN  - jmeter.threads.JMeterThread: The delay timer was interrupted - probably did not wait as long as intended. 
2015/08/31 19:46:50 INFO  - jmeter.threads.JMeterThread: Stopping: Social: Write post 1-8 
2015/08/31 19:46:50 WARN  - jmeter.threads.JMeterThread: Interrupting: Social: Write post 1-8 sampler: GET /users/me 
2015/08/31 19:46:50 WARN  - jmeter.util.JMeterUtils: Interrupted in thread Social: Write post 1-4 java.lang.InterruptedException
	at java.lang.Object.wait(Native Method)
	at java.lang.Object.wait(Object.java:502)
	at java.awt.EventQueue.invokeAndWait(EventQueue.java:1301)
	at java.awt.EventQueue.invokeAndWait(EventQueue.java:1282)
	at javax.swing.SwingUtilities.invokeAndWait(SwingUtilities.java:1348)
	at org.apache.jmeter.util.JMeterUtils.runSafe(JMeterUtils.java:1322)
	at org.apache.jmeter.visualizers.GraphVisualizer.add(GraphVisualizer.java:134)
	at org.apache.jmeter.reporters.ResultCollector.sendToVisualizer(ResultCollector.java:595)
	at org.apache.jmeter.reporters.ResultCollector.sampleOccurred(ResultCollector.java:571)
	at org.apache.jmeter.threads.ListenerNotifier.notifyListeners(ListenerNotifier.java:84)
	at org.apache.jmeter.threads.JMeterThread.notifyListeners(JMeterThread.java:796)
	at org.apache.jmeter.threads.JMeterThread.process_sampler(JMeterThread.java:456)
	at org.apache.jmeter.threads.JMeterThread.run(JMeterThread.java:261)
	at java.lang.Thread.run(Thread.java:745)

2015/08/31 19:46:50 WARN  - jmeter.util.JMeterUtils: Interrupted in thread Social: Write post 1-10 java.lang.InterruptedException
	at java.lang.Object.wait(Native Method)
	at java.lang.Object.wait(Object.java:502)
	at java.awt.EventQueue.invokeAndWait(EventQueue.java:1301)
	at java.awt.EventQueue.invokeAndWait(EventQueue.java:1282)
	at javax.swing.SwingUtilities.invokeAndWait(SwingUtilities.java:1348)
	at org.apache.jmeter.util.JMeterUtils.runSafe(JMeterUtils.java:1322)
	at org.apache.jmeter.visualizers.GraphVisualizer.add(GraphVisualizer.java:134)
	at org.apache.jmeter.reporters.ResultCollector.sendToVisualizer(ResultCollector.java:595)
	at org.apache.jmeter.reporters.ResultCollector.sampleOccurred(ResultCollector.java:571)
	at org.apache.jmeter.threads.ListenerNotifier.notifyListeners(ListenerNotifier.java:84)
	at org.apache.jmeter.threads.JMeterThread.notifyListeners(JMeterThread.java:796)
	at org.apache.jmeter.threads.JMeterThread.process_sampler(JMeterThread.java:456)
	at org.apache.jmeter.threads.JMeterThread.run(JMeterThread.java:261)
	at java.lang.Thread.run(Thread.java:745)

2015/08/31 19:46:50 WARN  - jmeter.util.JMeterUtils: Interrupted in thread Social: Write post 1-2 java.lang.InterruptedException
	at java.lang.Object.wait(Native Method)
	at java.lang.Object.wait(Object.java:502)
	at java.awt.EventQueue.invokeAndWait(EventQueue.java:1301)
	at java.awt.EventQueue.invokeAndWait(EventQueue.java:1282)
	at javax.swing.SwingUtilities.invokeAndWait(SwingUtilities.java:1348)
	at org.apache.jmeter.util.JMeterUtils.runSafe(JMeterUtils.java:1322)
	at org.apache.jmeter.visualizers.GraphVisualizer.add(GraphVisualizer.java:134)
	at org.apache.jmeter.reporters.ResultCollector.sendToVisualizer(ResultCollector.java:595)
	at org.apache.jmeter.reporters.ResultCollector.sampleOccurred(ResultCollector.java:571)
	at org.apache.jmeter.threads.ListenerNotifier.notifyListeners(ListenerNotifier.java:84)
	at org.apache.jmeter.threads.JMeterThread.notifyListeners(JMeterThread.java:796)
	at org.apache.jmeter.threads.JMeterThread.process_sampler(JMeterThread.java:456)
	at org.apache.jmeter.threads.JMeterThread.run(JMeterThread.java:261)
	at java.lang.Thread.run(Thread.java:745)

2015/08/31 19:46:50 WARN  - jmeter.util.JMeterUtils: Interrupted in thread Social: Write post 1-8 java.lang.InterruptedException
	at java.lang.Object.wait(Native Method)
	at java.lang.Object.wait(Object.java:502)
	at java.awt.EventQueue.invokeAndWait(EventQueue.java:1301)
	at java.awt.EventQueue.invokeAndWait(EventQueue.java:1282)
	at javax.swing.SwingUtilities.invokeAndWait(SwingUtilities.java:1348)
	at org.apache.jmeter.util.JMeterUtils.runSafe(JMeterUtils.java:1322)
	at org.apache.jmeter.visualizers.GraphVisualizer.add(GraphVisualizer.java:134)
	at org.apache.jmeter.reporters.ResultCollector.sendToVisualizer(ResultCollector.java:595)
	at org.apache.jmeter.reporters.ResultCollector.sampleOccurred(ResultCollector.java:571)
	at org.apache.jmeter.threads.ListenerNotifier.notifyListeners(ListenerNotifier.java:84)
	at org.apache.jmeter.threads.JMeterThread.notifyListeners(JMeterThread.java:796)
	at org.apache.jmeter.threads.JMeterThread.process_sampler(JMeterThread.java:456)
	at org.apache.jmeter.threads.JMeterThread.run(JMeterThread.java:261)
	at java.lang.Thread.run(Thread.java:745)

2015/08/31 19:46:50 INFO  - jmeter.threads.JMeterThread: Thread finished: Social: Write post 1-2 
2015/08/31 19:46:50 INFO  - jmeter.threads.JMeterThread: Thread finished: Social: Write post 1-10 
2015/08/31 19:46:50 INFO  - jmeter.threads.JMeterThread: Thread finished: Social: Write post 1-8 
2015/08/31 19:46:50 INFO  - jmeter.threads.JMeterThread: Thread finished: Social: Write post 1-4 
2015/08/31 19:46:51 INFO  - jmeter.threads.JMeterThread: Thread finished: Social: Write post 1-5 
2015/08/31 19:46:51 INFO  - jmeter.threads.JMeterThread: Thread finished: Social: Write post 1-7 
2015/08/31 19:46:51 INFO  - jmeter.threads.JMeterThread: Thread finished: Social: Write post 1-9 
2015/08/31 19:46:51 INFO  - jmeter.threads.JMeterThread: Thread finished: Social: Write post 1-1 
2015/08/31 19:46:51 INFO  - jmeter.threads.JMeterThread: Thread finished: Social: Write post 1-6 
2015/08/31 19:46:51 INFO  - jmeter.threads.JMeterThread: Thread finished: Social: Write post 1-3 
2015/08/31 19:46:51 INFO  - jmeter.engine.StandardJMeterEngine: Notifying test listeners of end of test 
2015/08/31 19:46:51 INFO  - jmeter.services.FileServer: Close: data.csv 
2015/08/31 19:46:51 INFO  - jmeter.gui.util.JMeterMenuBar: setRunning(false,*local*) 
2015/08/31 19:50:03 INFO  - jmeter.engine.StandardJMeterEngine: Running the test! 
2015/08/31 19:50:03 INFO  - jmeter.samplers.SampleEvent: List of sample_variables: [] 
2015/08/31 19:50:03 INFO  - jmeter.gui.util.JMeterMenuBar: setRunning(true,*local*) 
2015/08/31 19:50:04 INFO  - jmeter.engine.StandardJMeterEngine: Starting ThreadGroup: 1 : Social: Write post 
2015/08/31 19:50:04 INFO  - jmeter.engine.StandardJMeterEngine: Starting 1 threads for group Social: Write post. 
2015/08/31 19:50:04 INFO  - jmeter.engine.StandardJMeterEngine: Thread will continue on error 
2015/08/31 19:50:04 INFO  - jmeter.threads.ThreadGroup: Starting thread group number 1 threads 1 ramp-up 1 perThread 1000.0 delayedStart=false 
2015/08/31 19:50:04 INFO  - jmeter.threads.ThreadGroup: Started thread group number 1 
2015/08/31 19:50:04 INFO  - jmeter.engine.StandardJMeterEngine: All thread groups have been started 
2015/08/31 19:50:04 INFO  - jmeter.threads.JMeterThread: Thread started: Social: Write post 1-1 
2015/08/31 19:50:04 INFO  - jmeter.services.FileServer: Stored: data.csv 
2015/08/31 19:50:24 INFO  - jmeter.threads.JMeterThread: Thread is done: Social: Write post 1-1 
2015/08/31 19:50:24 INFO  - jmeter.threads.JMeterThread: Thread finished: Social: Write post 1-1 
2015/08/31 19:50:24 INFO  - jmeter.engine.StandardJMeterEngine: Notifying test listeners of end of test 
2015/08/31 19:50:24 INFO  - jmeter.services.FileServer: Close: data.csv 
2015/08/31 19:50:24 INFO  - jmeter.gui.util.JMeterMenuBar: setRunning(false,*local*) 
2015/08/31 19:50:44 INFO  - jmeter.engine.StandardJMeterEngine: Running the test! 
2015/08/31 19:50:44 INFO  - jmeter.samplers.SampleEvent: List of sample_variables: [] 
2015/08/31 19:50:44 INFO  - jmeter.gui.util.JMeterMenuBar: setRunning(true,*local*) 
2015/08/31 19:50:44 INFO  - jmeter.engine.StandardJMeterEngine: Starting ThreadGroup: 1 : Social: Write post 
2015/08/31 19:50:44 INFO  - jmeter.engine.StandardJMeterEngine: Starting 2 threads for group Social: Write post. 
2015/08/31 19:50:44 INFO  - jmeter.engine.StandardJMeterEngine: Thread will continue on error 
2015/08/31 19:50:44 INFO  - jmeter.threads.ThreadGroup: Starting thread group number 1 threads 2 ramp-up 1 perThread 500.0 delayedStart=false 
2015/08/31 19:50:44 INFO  - jmeter.threads.ThreadGroup: Started thread group number 1 
2015/08/31 19:50:44 INFO  - jmeter.engine.StandardJMeterEngine: All thread groups have been started 
2015/08/31 19:50:44 INFO  - jmeter.threads.JMeterThread: Thread started: Social: Write post 1-1 
2015/08/31 19:50:44 INFO  - jmeter.services.FileServer: Stored: data.csv 
2015/08/31 19:50:44 INFO  - jmeter.threads.JMeterThread: Thread started: Social: Write post 1-2 
2015/08/31 19:51:04 INFO  - jmeter.threads.JMeterThread: Thread is done: Social: Write post 1-1 
2015/08/31 19:51:04 INFO  - jmeter.threads.JMeterThread: Thread finished: Social: Write post 1-1 
2015/08/31 19:51:05 INFO  - jmeter.threads.JMeterThread: Thread is done: Social: Write post 1-2 
2015/08/31 19:51:05 INFO  - jmeter.threads.JMeterThread: Thread finished: Social: Write post 1-2 
2015/08/31 19:51:05 INFO  - jmeter.engine.StandardJMeterEngine: Notifying test listeners of end of test 
2015/08/31 19:51:05 INFO  - jmeter.services.FileServer: Close: data.csv 
2015/08/31 19:51:05 INFO  - jmeter.gui.util.JMeterMenuBar: setRunning(false,*local*) 
2015/08/31 19:51:13 INFO  - jmeter.engine.StandardJMeterEngine: Running the test! 
2015/08/31 19:51:13 INFO  - jmeter.samplers.SampleEvent: List of sample_variables: [] 
2015/08/31 19:51:13 INFO  - jmeter.gui.util.JMeterMenuBar: setRunning(true,*local*) 
2015/08/31 19:51:13 INFO  - jmeter.engine.StandardJMeterEngine: Starting ThreadGroup: 1 : Social: Write post 
2015/08/31 19:51:13 INFO  - jmeter.engine.StandardJMeterEngine: Starting 2 threads for group Social: Write post. 
2015/08/31 19:51:13 INFO  - jmeter.engine.StandardJMeterEngine: Thread will continue on error 
2015/08/31 19:51:13 INFO  - jmeter.threads.ThreadGroup: Starting thread group number 1 threads 2 ramp-up 1 perThread 500.0 delayedStart=true 
2015/08/31 19:51:13 INFO  - jmeter.threads.ThreadGroup: Started thread group number 1 
2015/08/31 19:51:13 INFO  - jmeter.engine.StandardJMeterEngine: All thread groups have been started 
2015/08/31 19:51:13 INFO  - jmeter.threads.JMeterThread: Thread started: Social: Write post 1-1 
2015/08/31 19:51:13 INFO  - jmeter.services.FileServer: Stored: data.csv 
2015/08/31 19:51:14 INFO  - jmeter.threads.JMeterThread: Thread started: Social: Write post 1-2 
2015/08/31 19:51:33 INFO  - jmeter.threads.JMeterThread: Thread is done: Social: Write post 1-1 
2015/08/31 19:51:33 INFO  - jmeter.threads.JMeterThread: Thread finished: Social: Write post 1-1 
2015/08/31 19:51:34 INFO  - jmeter.threads.JMeterThread: Thread is done: Social: Write post 1-2 
2015/08/31 19:51:34 INFO  - jmeter.threads.JMeterThread: Thread finished: Social: Write post 1-2 
2015/08/31 19:51:34 INFO  - jmeter.engine.StandardJMeterEngine: Notifying test listeners of end of test 
2015/08/31 19:51:34 INFO  - jmeter.services.FileServer: Close: data.csv 
2015/08/31 19:51:34 INFO  - jmeter.gui.util.JMeterMenuBar: setRunning(false,*local*) 
2015/08/31 19:52:05 INFO  - jmeter.engine.StandardJMeterEngine: Running the test! 
2015/08/31 19:52:05 INFO  - jmeter.samplers.SampleEvent: List of sample_variables: [] 
2015/08/31 19:52:05 INFO  - jmeter.gui.util.JMeterMenuBar: setRunning(true,*local*) 
2015/08/31 19:52:05 INFO  - jmeter.engine.StandardJMeterEngine: Starting ThreadGroup: 1 : Social: Write post 
2015/08/31 19:52:05 INFO  - jmeter.engine.StandardJMeterEngine: Starting 2 threads for group Social: Write post. 
2015/08/31 19:52:05 INFO  - jmeter.engine.StandardJMeterEngine: Thread will continue on error 
2015/08/31 19:52:05 INFO  - jmeter.threads.ThreadGroup: Starting thread group number 1 threads 2 ramp-up 1 perThread 500.0 delayedStart=false 
2015/08/31 19:52:05 INFO  - jmeter.threads.ThreadGroup: Started thread group number 1 
2015/08/31 19:52:05 INFO  - jmeter.engine.StandardJMeterEngine: All thread groups have been started 
2015/08/31 19:52:10 INFO  - jmeter.threads.JMeterThread: Thread started: Social: Write post 1-1 
2015/08/31 19:52:10 INFO  - jmeter.services.FileServer: Stored: data.csv 
2015/08/31 19:52:10 INFO  - jmeter.threads.JMeterThread: Stopping because end time detected by thread: Social: Write post 1-1 
2015/08/31 19:52:10 INFO  - jmeter.threads.JMeterThread: Thread finished: Social: Write post 1-1 
2015/08/31 19:52:11 INFO  - jmeter.threads.JMeterThread: Thread started: Social: Write post 1-2 
2015/08/31 19:52:11 INFO  - jmeter.threads.JMeterThread: Stopping because end time detected by thread: Social: Write post 1-2 
2015/08/31 19:52:11 INFO  - jmeter.threads.JMeterThread: Thread finished: Social: Write post 1-2 
2015/08/31 19:52:11 INFO  - jmeter.engine.StandardJMeterEngine: Notifying test listeners of end of test 
2015/08/31 19:52:11 INFO  - jmeter.services.FileServer: Close: data.csv 
2015/08/31 19:52:11 INFO  - jmeter.gui.util.JMeterMenuBar: setRunning(false,*local*) 
2015/08/31 19:58:17 INFO  - jmeter.engine.StandardJMeterEngine: Running the test! 
2015/08/31 19:58:17 INFO  - jmeter.samplers.SampleEvent: List of sample_variables: [] 
2015/08/31 19:58:17 INFO  - jmeter.gui.util.JMeterMenuBar: setRunning(true,*local*) 
2015/08/31 19:58:17 INFO  - jmeter.engine.StandardJMeterEngine: Starting ThreadGroup: 1 : Social: Write post 
2015/08/31 19:58:17 INFO  - jmeter.engine.StandardJMeterEngine: Starting 2 threads for group Social: Write post. 
2015/08/31 19:58:17 INFO  - jmeter.engine.StandardJMeterEngine: Thread will continue on error 
2015/08/31 19:58:17 INFO  - jmeter.threads.ThreadGroup: Starting thread group number 1 threads 2 ramp-up 1 perThread 500.0 delayedStart=true 
2015/08/31 19:58:17 INFO  - jmeter.threads.ThreadGroup: Started thread group number 1 
2015/08/31 19:58:17 INFO  - jmeter.engine.StandardJMeterEngine: All thread groups have been started 
2015/08/31 19:58:17 INFO  - jmeter.threads.JMeterThread: Thread started: Social: Write post 1-1 
2015/08/31 19:58:17 INFO  - jmeter.services.FileServer: Stored: data.csv 
2015/08/31 19:58:18 INFO  - jmeter.threads.JMeterThread: Thread started: Social: Write post 1-2 
2015/08/31 19:58:40 INFO  - jmeter.threads.JMeterThread: Thread is done: Social: Write post 1-1 
2015/08/31 19:58:40 INFO  - jmeter.threads.JMeterThread: Thread finished: Social: Write post 1-1 
2015/08/31 19:58:41 INFO  - jmeter.threads.JMeterThread: Thread is done: Social: Write post 1-2 
2015/08/31 19:58:41 INFO  - jmeter.threads.JMeterThread: Thread finished: Social: Write post 1-2 
2015/08/31 19:58:41 INFO  - jmeter.engine.StandardJMeterEngine: Notifying test listeners of end of test 
2015/08/31 19:58:41 INFO  - jmeter.services.FileServer: Close: data.csv 
2015/08/31 19:58:41 INFO  - jmeter.gui.util.JMeterMenuBar: setRunning(false,*local*) 
2015/08/31 19:59:00 INFO  - jmeter.engine.StandardJMeterEngine: Running the test! 
2015/08/31 19:59:00 INFO  - jmeter.samplers.SampleEvent: List of sample_variables: [] 
2015/08/31 19:59:00 INFO  - jmeter.gui.util.JMeterMenuBar: setRunning(true,*local*) 
2015/08/31 19:59:01 INFO  - jmeter.engine.StandardJMeterEngine: Starting ThreadGroup: 1 : Social: Write post 
2015/08/31 19:59:01 INFO  - jmeter.engine.StandardJMeterEngine: Starting 2 threads for group Social: Write post. 
2015/08/31 19:59:01 INFO  - jmeter.engine.StandardJMeterEngine: Thread will continue on error 
2015/08/31 19:59:01 INFO  - jmeter.threads.ThreadGroup: Starting thread group number 1 threads 2 ramp-up 1 perThread 500.0 delayedStart=true 
2015/08/31 19:59:01 INFO  - jmeter.threads.ThreadGroup: Started thread group number 1 
2015/08/31 19:59:01 INFO  - jmeter.engine.StandardJMeterEngine: All thread groups have been started 
2015/08/31 19:59:01 INFO  - jmeter.threads.JMeterThread: Thread started: Social: Write post 1-1 
2015/08/31 19:59:01 INFO  - jmeter.services.FileServer: Stored: data.csv 
2015/08/31 19:59:01 INFO  - jmeter.threads.JMeterThread: Thread started: Social: Write post 1-2 
2015/08/31 19:59:24 INFO  - jmeter.threads.JMeterThread: Thread is done: Social: Write post 1-1 
2015/08/31 19:59:24 INFO  - jmeter.threads.JMeterThread: Thread finished: Social: Write post 1-1 
2015/08/31 19:59:24 INFO  - jmeter.threads.JMeterThread: Thread is done: Social: Write post 1-2 
2015/08/31 19:59:24 INFO  - jmeter.threads.JMeterThread: Thread finished: Social: Write post 1-2 
2015/08/31 19:59:24 INFO  - jmeter.engine.StandardJMeterEngine: Notifying test listeners of end of test 
2015/08/31 19:59:24 INFO  - jmeter.services.FileServer: Close: data.csv 
2015/08/31 19:59:24 INFO  - jmeter.gui.util.JMeterMenuBar: setRunning(false,*local*) 
2015/08/31 19:59:39 INFO  - jmeter.engine.StandardJMeterEngine: Running the test! 
2015/08/31 19:59:39 INFO  - jmeter.samplers.SampleEvent: List of sample_variables: [] 
2015/08/31 19:59:39 INFO  - jmeter.gui.util.JMeterMenuBar: setRunning(true,*local*) 
2015/08/31 19:59:39 INFO  - jmeter.engine.StandardJMeterEngine: Starting ThreadGroup: 1 : Social: Write post 
2015/08/31 19:59:39 INFO  - jmeter.engine.StandardJMeterEngine: Starting 2 threads for group Social: Write post. 
2015/08/31 19:59:39 INFO  - jmeter.engine.StandardJMeterEngine: Thread will continue on error 
2015/08/31 19:59:39 INFO  - jmeter.threads.ThreadGroup: Starting thread group number 1 threads 2 ramp-up 1 perThread 500.0 delayedStart=true 
2015/08/31 19:59:39 INFO  - jmeter.threads.ThreadGroup: Started thread group number 1 
2015/08/31 19:59:39 INFO  - jmeter.engine.StandardJMeterEngine: All thread groups have been started 
2015/08/31 19:59:39 INFO  - jmeter.threads.JMeterThread: Thread started: Social: Write post 1-1 
2015/08/31 19:59:39 INFO  - jmeter.services.FileServer: Stored: data.csv 
2015/08/31 19:59:40 INFO  - jmeter.threads.JMeterThread: Thread started: Social: Write post 1-2 
2015/08/31 20:00:03 INFO  - jmeter.threads.JMeterThread: Thread is done: Social: Write post 1-1 
2015/08/31 20:00:03 INFO  - jmeter.threads.JMeterThread: Thread finished: Social: Write post 1-1 
2015/08/31 20:00:03 INFO  - jmeter.threads.JMeterThread: Thread is done: Social: Write post 1-2 
2015/08/31 20:00:03 INFO  - jmeter.threads.JMeterThread: Thread finished: Social: Write post 1-2 
2015/08/31 20:00:03 INFO  - jmeter.engine.StandardJMeterEngine: Notifying test listeners of end of test 
2015/08/31 20:00:03 INFO  - jmeter.services.FileServer: Close: data.csv 
2015/08/31 20:00:03 INFO  - jmeter.gui.util.JMeterMenuBar: setRunning(false,*local*) 
2015/08/31 20:05:47 INFO  - jmeter.engine.StandardJMeterEngine: Running the test! 
2015/08/31 20:05:47 INFO  - jmeter.samplers.SampleEvent: List of sample_variables: [] 
2015/08/31 20:05:47 INFO  - jmeter.gui.util.JMeterMenuBar: setRunning(true,*local*) 
2015/08/31 20:05:48 INFO  - jmeter.engine.StandardJMeterEngine: Starting ThreadGroup: 1 : Social: Write post 
2015/08/31 20:05:48 INFO  - jmeter.engine.StandardJMeterEngine: Starting 2 threads for group Social: Write post. 
2015/08/31 20:05:48 INFO  - jmeter.engine.StandardJMeterEngine: Thread will continue on error 
2015/08/31 20:05:48 INFO  - jmeter.threads.ThreadGroup: Starting thread group number 1 threads 2 ramp-up 1 perThread 500.0 delayedStart=true 
2015/08/31 20:05:48 INFO  - jmeter.threads.ThreadGroup: Started thread group number 1 
2015/08/31 20:05:48 INFO  - jmeter.engine.StandardJMeterEngine: All thread groups have been started 
2015/08/31 20:05:48 INFO  - jmeter.threads.JMeterThread: Thread started: Social: Write post 1-1 
2015/08/31 20:05:48 INFO  - jmeter.services.FileServer: Stored: data.csv 
2015/08/31 20:05:48 INFO  - jmeter.threads.JMeterThread: Thread started: Social: Write post 1-2 
2015/08/31 20:06:17 INFO  - jmeter.gui.action.Start: Stopping test 
2015/08/31 20:06:17 INFO  - jmeter.threads.JMeterThread: Stopping: Social: Write post 1-1 
2015/08/31 20:06:17 INFO  - jmeter.threads.JMeterThread: Stopping: Social: Write post 1-2 
2015/08/31 20:06:17 WARN  - jmeter.threads.JMeterThread: The delay timer was interrupted - probably did not wait as long as intended. 
2015/08/31 20:06:17 WARN  - jmeter.threads.JMeterThread: The delay timer was interrupted - probably did not wait as long as intended. 
2015/08/31 20:06:18 INFO  - jmeter.threads.JMeterThread: Thread finished: Social: Write post 1-2 
2015/08/31 20:06:18 INFO  - jmeter.threads.JMeterThread: Thread finished: Social: Write post 1-1 
2015/08/31 20:06:18 INFO  - jmeter.engine.StandardJMeterEngine: Notifying test listeners of end of test 
2015/08/31 20:06:18 INFO  - jmeter.services.FileServer: Close: data.csv 
2015/08/31 20:06:18 INFO  - jmeter.gui.util.JMeterMenuBar: setRunning(false,*local*) 
2015/08/31 20:09:16 INFO  - jmeter.engine.StandardJMeterEngine: Running the test! 
2015/08/31 20:09:16 INFO  - jmeter.samplers.SampleEvent: List of sample_variables: [] 
2015/08/31 20:09:16 INFO  - jmeter.gui.util.JMeterMenuBar: setRunning(true,*local*) 
2015/08/31 20:09:16 INFO  - jmeter.engine.StandardJMeterEngine: Starting ThreadGroup: 1 : Social: Write post 
2015/08/31 20:09:16 INFO  - jmeter.engine.StandardJMeterEngine: Starting 2 threads for group Social: Write post. 
2015/08/31 20:09:16 INFO  - jmeter.engine.StandardJMeterEngine: Thread will continue on error 
2015/08/31 20:09:16 INFO  - jmeter.threads.ThreadGroup: Starting thread group number 1 threads 2 ramp-up 1 perThread 500.0 delayedStart=true 
2015/08/31 20:09:16 INFO  - jmeter.threads.ThreadGroup: Started thread group number 1 
2015/08/31 20:09:16 INFO  - jmeter.engine.StandardJMeterEngine: All thread groups have been started 
2015/08/31 20:09:16 INFO  - jmeter.threads.JMeterThread: Thread started: Social: Write post 1-1 
2015/08/31 20:09:16 INFO  - jmeter.services.FileServer: Stored: data.csv 
2015/08/31 20:09:16 INFO  - jmeter.threads.JMeterThread: Thread started: Social: Write post 1-2 
2015/08/31 20:09:35 INFO  - jmeter.threads.JMeterThread: Thread is done: Social: Write post 1-1 
2015/08/31 20:09:35 INFO  - jmeter.threads.JMeterThread: Thread finished: Social: Write post 1-1 
2015/08/31 20:09:36 INFO  - jmeter.threads.JMeterThread: Thread is done: Social: Write post 1-2 
2015/08/31 20:09:36 INFO  - jmeter.threads.JMeterThread: Thread finished: Social: Write post 1-2 
2015/08/31 20:09:36 INFO  - jmeter.engine.StandardJMeterEngine: Notifying test listeners of end of test 
2015/08/31 20:09:36 INFO  - jmeter.services.FileServer: Close: data.csv 
2015/08/31 20:09:36 INFO  - jmeter.gui.util.JMeterMenuBar: setRunning(false,*local*) 
2015/08/31 20:09:50 INFO  - jmeter.engine.StandardJMeterEngine: Running the test! 
2015/08/31 20:09:50 INFO  - jmeter.samplers.SampleEvent: List of sample_variables: [] 
2015/08/31 20:09:50 INFO  - jmeter.gui.util.JMeterMenuBar: setRunning(true,*local*) 
2015/08/31 20:09:50 INFO  - jmeter.engine.StandardJMeterEngine: Starting ThreadGroup: 1 : Social: Write post 
2015/08/31 20:09:50 INFO  - jmeter.engine.StandardJMeterEngine: Starting 2 threads for group Social: Write post. 
2015/08/31 20:09:50 INFO  - jmeter.engine.StandardJMeterEngine: Thread will continue on error 
2015/08/31 20:09:50 INFO  - jmeter.threads.ThreadGroup: Starting thread group number 1 threads 2 ramp-up 1 perThread 500.0 delayedStart=true 
2015/08/31 20:09:50 INFO  - jmeter.threads.ThreadGroup: Started thread group number 1 
2015/08/31 20:09:50 INFO  - jmeter.engine.StandardJMeterEngine: All thread groups have been started 
2015/08/31 20:09:50 INFO  - jmeter.threads.JMeterThread: Thread started: Social: Write post 1-1 
2015/08/31 20:09:50 INFO  - jmeter.services.FileServer: Stored: data.csv 
2015/08/31 20:09:51 INFO  - jmeter.threads.JMeterThread: Thread started: Social: Write post 1-2 
2015/08/31 20:10:09 INFO  - jmeter.threads.JMeterThread: Thread is done: Social: Write post 1-1 
2015/08/31 20:10:09 INFO  - jmeter.threads.JMeterThread: Thread finished: Social: Write post 1-1 
2015/08/31 20:10:10 INFO  - jmeter.threads.JMeterThread: Thread is done: Social: Write post 1-2 
2015/08/31 20:10:10 INFO  - jmeter.threads.JMeterThread: Thread finished: Social: Write post 1-2 
2015/08/31 20:10:10 INFO  - jmeter.engine.StandardJMeterEngine: Notifying test listeners of end of test 
2015/08/31 20:10:10 INFO  - jmeter.services.FileServer: Close: data.csv 
2015/08/31 20:10:10 INFO  - jmeter.gui.util.JMeterMenuBar: setRunning(false,*local*) 
2015/08/31 20:10:43 INFO  - jmeter.engine.StandardJMeterEngine: Running the test! 
2015/08/31 20:10:43 INFO  - jmeter.samplers.SampleEvent: List of sample_variables: [] 
2015/08/31 20:10:43 INFO  - jmeter.gui.util.JMeterMenuBar: setRunning(true,*local*) 
2015/08/31 20:10:44 INFO  - jmeter.engine.StandardJMeterEngine: Starting ThreadGroup: 1 : Social: Write post 
2015/08/31 20:10:44 INFO  - jmeter.engine.StandardJMeterEngine: Starting 2 threads for group Social: Write post. 
2015/08/31 20:10:44 INFO  - jmeter.engine.StandardJMeterEngine: Thread will continue on error 
2015/08/31 20:10:44 INFO  - jmeter.threads.ThreadGroup: Starting thread group number 1 threads 2 ramp-up 10 perThread 5000.0 delayedStart=true 
2015/08/31 20:10:44 INFO  - jmeter.threads.ThreadGroup: Started thread group number 1 
2015/08/31 20:10:44 INFO  - jmeter.engine.StandardJMeterEngine: All thread groups have been started 
2015/08/31 20:10:44 INFO  - jmeter.threads.JMeterThread: Thread started: Social: Write post 1-1 
2015/08/31 20:10:44 INFO  - jmeter.services.FileServer: Stored: data.csv 
2015/08/31 20:10:49 INFO  - jmeter.threads.JMeterThread: Thread started: Social: Write post 1-2 
2015/08/31 20:11:04 INFO  - jmeter.threads.JMeterThread: Thread is done: Social: Write post 1-1 
2015/08/31 20:11:04 INFO  - jmeter.threads.JMeterThread: Thread finished: Social: Write post 1-1 
2015/08/31 20:11:09 INFO  - jmeter.threads.JMeterThread: Thread is done: Social: Write post 1-2 
2015/08/31 20:11:09 INFO  - jmeter.threads.JMeterThread: Thread finished: Social: Write post 1-2 
2015/08/31 20:11:09 INFO  - jmeter.engine.StandardJMeterEngine: Notifying test listeners of end of test 
2015/08/31 20:11:09 INFO  - jmeter.services.FileServer: Close: data.csv 
2015/08/31 20:11:09 INFO  - jmeter.gui.util.JMeterMenuBar: setRunning(false,*local*) 
